mode: set
hello-operator2/controllers/deployment.go:17.75,25.2 1 0
hello-operator2/controllers/deployment.go:31.30,39.42 3 0
hello-operator2/controllers/deployment.go:56.2,56.17 1 0
hello-operator2/controllers/deployment.go:39.42,44.17 2 0
hello-operator2/controllers/deployment.go:44.17,47.4 1 0
hello-operator2/controllers/deployment.go:47.9,50.4 1 0
hello-operator2/controllers/deployment.go:51.8,51.23 1 0
hello-operator2/controllers/deployment.go:51.23,54.3 1 0
hello-operator2/controllers/deployment.go:60.99,95.2 5 0
hello-operator2/controllers/service.go:21.30,29.42 3 0
hello-operator2/controllers/service.go:46.2,46.17 1 0
hello-operator2/controllers/service.go:29.42,34.17 2 0
hello-operator2/controllers/service.go:34.17,37.4 1 0
hello-operator2/controllers/service.go:37.9,40.4 1 0
hello-operator2/controllers/service.go:41.8,41.23 1 0
hello-operator2/controllers/service.go:41.23,44.3 1 0
hello-operator2/controllers/service.go:50.93,72.2 4 0
hello-operator2/controllers/traveller_controller.go:53.101,59.16 4 0
hello-operator2/controllers/traveller_controller.go:71.2,75.19 5 0
hello-operator2/controllers/traveller_controller.go:81.2,82.19 2 0
hello-operator2/controllers/traveller_controller.go:88.2,91.27 2 0
hello-operator2/controllers/traveller_controller.go:59.16,60.29 1 0
hello-operator2/controllers/traveller_controller.go:67.3,67.33 1 0
hello-operator2/controllers/traveller_controller.go:60.29,65.4 1 0
hello-operator2/controllers/traveller_controller.go:75.19,78.3 2 0
hello-operator2/controllers/traveller_controller.go:82.19,85.3 2 0
hello-operator2/controllers/traveller_controller.go:95.72,99.2 1 0
